#
# There is insufficient memory for the Java Runtime Environment to continue.
# Native memory allocation (mmap) failed to map 564133888 bytes for G1 virtual space
# Possible reasons:
#   The system is out of physical RAM or swap space
#   The process is running with CompressedOops enabled, and the Java Heap may be blocking the growth of the native heap
# Possible solutions:
#   Reduce memory load on the system
#   Increase physical memory or swap space
#   Check if swap backing store is full
#   Decrease Java heap size (-Xmx/-Xms)
#   Decrease number of Java threads
#   Decrease Java thread stack sizes (-Xss)
#   Set larger code cache with -XX:ReservedCodeCacheSize=
#   JVM is running with Zero Based Compressed Oops mode in which the Java heap is
#     placed in the first 32GB address space. The Java Heap base address is the
#     maximum limit for the native heap growth. Please use -XX:HeapBaseMinAddress
#     to set the Java Heap base and to place the Java Heap above 32GB virtual address.
# This output file may be truncated or incomplete.
#
#  Out of Memory Error (os_windows.cpp:3617), pid=6240, tid=5588
#
# JRE version: OpenJDK Runtime Environment Temurin-17.0.8.1+1 (17.0.8.1+1) (build 17.0.8.1+1)
# Java VM: OpenJDK 64-Bit Server VM Temurin-17.0.8.1+1 (17.0.8.1+1, mixed mode, sharing, tiered, compressed oops, compressed class ptrs, g1 gc, windows-amd64)
# No core dump will be written. Minidumps are not enabled by default on client versions of Windows
#

---------------  S U M M A R Y ------------

Command Line: -XX:+ShowCodeDetailsInExceptionMessages Main

Host: Intel(R) Core(TM) i7-9700KF CPU @ 3.60GHz, 8 cores, 15G,  Windows 11 , 64 bit Build 22621 (10.0.22621.2506)
Time: Mon Dec  4 17:35:28 2023 Romance Standard Time elapsed time: 1.329877 seconds (0d 0h 0m 1s)

---------------  T H R E A D  ---------------

Current thread (0x000002247eb5a520):  VMThread "VM Thread" [stack: 0x000000bc9c300000,0x000000bc9c400000] [id=5588]

Stack: [0x000000bc9c300000,0x000000bc9c400000]
Native frames: (J=compiled Java code, j=interpreted, Vv=VM code, C=native code)
V  [jvm.dll+0x678b0a]
V  [jvm.dll+0x835e84]
V  [jvm.dll+0x83762e]
V  [jvm.dll+0x837c93]
V  [jvm.dll+0x24746f]
V  [jvm.dll+0x675859]
V  [jvm.dll+0x66a0ea]
V  [jvm.dll+0x306c7b]
V  [jvm.dll+0x30e166]
V  [jvm.dll+0x35dd3e]
V  [jvm.dll+0x35df6f]
V  [jvm.dll+0x2ddb48]
V  [jvm.dll+0x2dbd0c]
V  [jvm.dll+0x2db2dc]
V  [jvm.dll+0x31f18b]
V  [jvm.dll+0x83c15b]
V  [jvm.dll+0x83ce94]
V  [jvm.dll+0x83d3ac]
V  [jvm.dll+0x83d784]
V  [jvm.dll+0x83d850]
V  [jvm.dll+0x7e64ca]
V  [jvm.dll+0x677955]
C  [ucrtbase.dll+0x29363]
C  [KERNEL32.DLL+0x1257d]
C  [ntdll.dll+0x5aa58]

VM_Operation (0x000000bc9e6fa300): G1CollectForAllocation, mode: safepoint, requested by thread 0x00000224698318c0


---------------  P R O C E S S  ---------------

Threads class SMR info:
_java_thread_list=0x00000224697b72e0, length=23, elements={
0x000002247eb62f60, 0x000002247eb63de0, 0x000002247eb77ba0, 0x000002247eb78670,
0x000002247eb7b040, 0x000002247eb83e20, 0x000002247eb85cf0, 0x000002247eb8fc20,
0x000002247eb92590, 0x000002247eb93ee0, 0x000002247eb92fb0, 0x000002247eb92aa0,
0x000002247eb934c0, 0x000002247eb939d0, 0x000002247eb95320, 0x00000224631eb610,
0x000002247eb95830, 0x000002247eb95d40, 0x0000022469834140, 0x0000022469835580,
0x0000022469833720, 0x00000224698318c0, 0x0000022469837e00
}

Java Threads: ( => current thread )
  0x000002247eb62f60 JavaThread "Reference Handler" daemon [_thread_blocked, id=22544, stack(0x000000bc9c400000,0x000000bc9c500000)]
  0x000002247eb63de0 JavaThread "Finalizer" daemon [_thread_blocked, id=24392, stack(0x000000bc9c500000,0x000000bc9c600000)]
  0x000002247eb77ba0 JavaThread "Signal Dispatcher" daemon [_thread_blocked, id=10460, stack(0x000000bc9c600000,0x000000bc9c700000)]
  0x000002247eb78670 JavaThread "Attach Listener" daemon [_thread_blocked, id=23256, stack(0x000000bc9c700000,0x000000bc9c800000)]
  0x000002247eb7b040 JavaThread "Service Thread" daemon [_thread_blocked, id=14328, stack(0x000000bc9c800000,0x000000bc9c900000)]
  0x000002247eb83e20 JavaThread "Monitor Deflation Thread" daemon [_thread_blocked, id=10696, stack(0x000000bc9c900000,0x000000bc9ca00000)]
  0x000002247eb85cf0 JavaThread "C2 CompilerThread0" daemon [_thread_blocked, id=7440, stack(0x000000bc9ca00000,0x000000bc9cb00000)]
  0x000002247eb8fc20 JavaThread "C1 CompilerThread0" daemon [_thread_blocked, id=23556, stack(0x000000bc9cb00000,0x000000bc9cc00000)]
  0x000002247eb92590 JavaThread "Sweeper thread" daemon [_thread_blocked, id=9212, stack(0x000000bc9cc00000,0x000000bc9cd00000)]
  0x000002247eb93ee0 JavaThread "Notification Thread" daemon [_thread_blocked, id=22596, stack(0x000000bc9cd00000,0x000000bc9ce00000)]
  0x000002247eb92fb0 JavaThread "Common-Cleaner" daemon [_thread_blocked, id=19804, stack(0x000000bc9cf00000,0x000000bc9d000000)]
  0x000002247eb92aa0 JavaThread "Java2D Disposer" daemon [_thread_blocked, id=11668, stack(0x000000bc9d000000,0x000000bc9d100000)]
  0x000002247eb934c0 JavaThread "AWT-Shutdown" [_thread_blocked, id=13612, stack(0x000000bc9d100000,0x000000bc9d200000)]
  0x000002247eb939d0 JavaThread "AWT-Windows" daemon [_thread_in_native, id=580, stack(0x000000bc9d200000,0x000000bc9d300000)]
  0x000002247eb95320 JavaThread "pool-2-thread-1" [_thread_blocked, id=24364, stack(0x000000bc9dd00000,0x000000bc9de00000)]
  0x00000224631eb610 JavaThread "C2 CompilerThread1" daemon [_thread_blocked, id=23604, stack(0x000000bc9de00000,0x000000bc9df00000)]
  0x000002247eb95830 JavaThread "AWT-EventQueue-0" [_thread_blocked, id=24036, stack(0x000000bc9df00000,0x000000bc9e000000)]
  0x000002247eb95d40 JavaThread "pool-1-thread-1" [_thread_blocked, id=9120, stack(0x000000bc9e300000,0x000000bc9e400000)]
  0x0000022469834140 JavaThread "D3D Screen Updater" daemon [_thread_blocked, id=23392, stack(0x000000bc9e400000,0x000000bc9e500000)]
  0x0000022469835580 JavaThread "pool-3-thread-1" [_thread_blocked, id=24508, stack(0x000000bc9e500000,0x000000bc9e600000)]
  0x0000022469833720 JavaThread "DestroyJavaVM" [_thread_blocked, id=23124, stack(0x000000bc9bd00000,0x000000bc9be00000)]
  0x00000224698318c0 JavaThread "pool-1-thread-2" [_thread_blocked, id=20220, stack(0x000000bc9e600000,0x000000bc9e700000)]
  0x0000022469837e00 JavaThread "pool-1-thread-3" [_thread_blocked, id=17316, stack(0x000000bc9e700000,0x000000bc9e800000)]

Other Threads:
=>0x000002247eb5a520 VMThread "VM Thread" [stack: 0x000000bc9c300000,0x000000bc9c400000] [id=5588]
  0x000002241cb5aa70 WatcherThread [stack: 0x000000bc9ce00000,0x000000bc9cf00000] [id=19080]
  0x0000022478b72670 GCTaskThread "GC Thread#0" [stack: 0x000000bc9be00000,0x000000bc9bf00000] [id=9040]
  0x0000022462aad120 GCTaskThread "GC Thread#1" [stack: 0x000000bc9d300000,0x000000bc9d400000] [id=7224]
  0x0000022462ab56d0 GCTaskThread "GC Thread#2" [stack: 0x000000bc9d400000,0x000000bc9d500000] [id=22644]
  0x0000022462ab5990 GCTaskThread "GC Thread#3" [stack: 0x000000bc9d500000,0x000000bc9d600000] [id=11956]
  0x0000022462ab6060 GCTaskThread "GC Thread#4" [stack: 0x000000bc9d600000,0x000000bc9d700000] [id=7132]
  0x0000022462b52f10 GCTaskThread "GC Thread#5" [stack: 0x000000bc9d700000,0x000000bc9d800000] [id=2484]
  0x0000022462b5eab0 GCTaskThread "GC Thread#6" [stack: 0x000000bc9d800000,0x000000bc9d900000] [id=4936]
  0x0000022462b5b760 GCTaskThread "GC Thread#7" [stack: 0x000000bc9d900000,0x000000bc9da00000] [id=9432]
  0x0000022478b83480 ConcurrentGCThread "G1 Main Marker" [stack: 0x000000bc9bf00000,0x000000bc9c000000] [id=23632]
  0x0000022478b83e90 ConcurrentGCThread "G1 Conc#0" [stack: 0x000000bc9c000000,0x000000bc9c100000] [id=6248]
  0x0000022462aede00 ConcurrentGCThread "G1 Conc#1" [stack: 0x000000bc9da00000,0x000000bc9db00000] [id=8864]
  0x000002247ea99920 ConcurrentGCThread "G1 Refine#0" [stack: 0x000000bc9c100000,0x000000bc9c200000] [id=23904]
  0x000002247ea9a260 ConcurrentGCThread "G1 Service" [stack: 0x000000bc9c200000,0x000000bc9c300000] [id=15912]

Threads with active compile tasks:
C1 CompilerThread0     1340 1476       3       sun.java2d.loops.MaskBlit::getFromCache (93 bytes)

VM state: at safepoint (normal execution)

VM Mutex/Monitor currently owned by a thread:  ([mutex/lock_event])
[0x0000022478afe5f0] Threads_lock - owner thread: 0x000002247eb5a520
[0x0000022478affac0] Heap_lock - owner thread: 0x00000224698318c0

Heap address: 0x0000000701400000, size: 4076 MB, Compressed Oops mode: Zero based, Oop shift amount: 3

CDS archive(s) mapped at: [0x000002241d000000-0x000002241dbd0000-0x000002241dbd0000), size 12386304, SharedBaseAddress: 0x000002241d000000, ArchiveRelocationMode: 1.
Compressed class space mapped at: 0x000002241e000000-0x000002245e000000, reserved size: 1073741824
Narrow klass base: 0x000002241d000000, Narrow klass shift: 0, Narrow klass range: 0x100000000

GC Precious Log:
 CPUs: 8 total, 8 available
 Memory: 16300M
 Large Page Support: Disabled
 NUMA Support: Disabled
 Compressed Oops: Enabled (Zero based)
 Heap Region Size: 2M
 Heap Min Capacity: 8M
 Heap Initial Capacity: 256M
 Heap Max Capacity: 4076M
 Pre-touch: Disabled
 Parallel Workers: 8
 Concurrent Workers: 2
 Concurrent Refinement Workers: 8
 Periodic GC: Disabled

Heap:
 garbage-first heap   total 458752K, used 284077K [0x0000000701400000, 0x0000000800000000)
  region size 2048K, 1 young (2048K), 1 survivors (2048K)
 Metaspace       used 9306K, committed 9536K, reserved 1114112K
  class space    used 1042K, committed 1152K, reserved 1048576K

Heap Regions: E=young(eden), S=young(survivor), O=old, HS=humongous(starts), HC=humongous(continues), CS=collection set, F=free, OA=open archive, CA=closed archive, TAMS=top-at-mark-start (previous, next)
|   0|0x0000000701400000, 0x0000000701600000, 0x0000000701600000|100%| O|  |TAMS 0x0000000701400000, 0x0000000701600000| Untracked 
|   1|0x0000000701600000, 0x0000000701800000, 0x0000000701800000|100%|HS|  |TAMS 0x0000000701800000, 0x0000000701800000| Complete 
|   2|0x0000000701800000, 0x0000000701a00000, 0x0000000701a00000|100%|HS|  |TAMS 0x0000000701a00000, 0x0000000701a00000| Complete 
|   3|0x0000000701a00000, 0x0000000701c00000, 0x0000000701c00000|100%|HC|  |TAMS 0x0000000701c00000, 0x0000000701c00000| Complete 
|   4|0x0000000701c00000, 0x0000000701e00000, 0x0000000701e00000|100%|HS|  |TAMS 0x0000000701e00000, 0x0000000701e00000| Complete 
|   5|0x0000000701e00000, 0x0000000702000000, 0x0000000702000000|100%| O|  |TAMS 0x0000000701e00000, 0x0000000702000000| Untracked 
|   6|0x0000000702000000, 0x0000000702200000, 0x0000000702200000|100%|HS|  |TAMS 0x0000000702200000, 0x0000000702200000| Complete 
|   7|0x0000000702200000, 0x0000000702400000, 0x0000000702400000|100%| O|  |TAMS 0x0000000702200000, 0x0000000702400000| Untracked 
|   8|0x0000000702400000, 0x0000000702600000, 0x0000000702600000|100%|HS|  |TAMS 0x0000000702600000, 0x0000000702600000| Complete 
|   9|0x0000000702600000, 0x0000000702800000, 0x0000000702800000|100%|HS|  |TAMS 0x0000000702800000, 0x0000000702800000| Complete 
|  10|0x0000000702800000, 0x0000000702a00000, 0x0000000702a00000|100%|HC|  |TAMS 0x0000000702a00000, 0x0000000702a00000| Complete 
|  11|0x0000000702a00000, 0x0000000702b48a00, 0x0000000702c00000| 64%| O|  |TAMS 0x0000000702a00000, 0x0000000702b48a00| Untracked 
|  12|0x0000000702c00000, 0x0000000702e00000, 0x0000000702e00000|100%|HS|  |TAMS 0x0000000702e00000, 0x0000000702e00000| Complete 
|  13|0x0000000702e00000, 0x0000000703000000, 0x0000000703000000|100%|HC|  |TAMS 0x0000000703000000, 0x0000000703000000| Complete 
|  14|0x0000000703000000, 0x0000000703000000, 0x0000000703200000|  0%| F|  |TAMS 0x0000000703000000, 0x0000000703000000| Untracked 
|  15|0x0000000703200000, 0x0000000703400000, 0x0000000703400000|100%|HS|  |TAMS 0x0000000703400000, 0x0000000703400000| Complete 
|  16|0x0000000703400000, 0x0000000703600000, 0x0000000703600000|100%|HC|  |TAMS 0x0000000703600000, 0x0000000703600000| Complete 
|  17|0x0000000703600000, 0x0000000703600000, 0x0000000703800000|  0%| F|  |TAMS 0x0000000703600000, 0x0000000703600000| Untracked 
|  18|0x0000000703800000, 0x0000000703800000, 0x0000000703a00000|  0%| F|  |TAMS 0x0000000703800000, 0x0000000703800000| Untracked 
|  19|0x0000000703a00000, 0x0000000703c00000, 0x0000000703c00000|100%|HS|  |TAMS 0x0000000703c00000, 0x0000000703c00000| Complete 
|  20|0x0000000703c00000, 0x0000000703e00000, 0x0000000703e00000|100%|HC|  |TAMS 0x0000000703e00000, 0x0000000703e00000| Complete 
|  21|0x0000000703e00000, 0x0000000704000000, 0x0000000704000000|100%|HC|  |TAMS 0x0000000704000000, 0x0000000704000000| Complete 
|  22|0x0000000704000000, 0x0000000704200000, 0x0000000704200000|100%|HC|  |TAMS 0x0000000704200000, 0x0000000704200000| Complete 
|  23|0x0000000704200000, 0x0000000704400000, 0x0000000704400000|100%|HC|  |TAMS 0x0000000704400000, 0x0000000704400000| Complete 
|  24|0x0000000704400000, 0x0000000704600000, 0x0000000704600000|100%|HC|  |TAMS 0x0000000704600000, 0x0000000704600000| Complete 
|  25|0x0000000704600000, 0x0000000704800000, 0x0000000704800000|100%|HC|  |TAMS 0x0000000704800000, 0x0000000704800000| Complete 
|  26|0x0000000704800000, 0x0000000704a00000, 0x0000000704a00000|100%|HC|  |TAMS 0x0000000704a00000, 0x0000000704a00000| Complete 
|  27|0x0000000704a00000, 0x0000000704c00000, 0x0000000704c00000|100%|HC|  |TAMS 0x0000000704c00000, 0x0000000704c00000| Complete 
|  28|0x0000000704c00000, 0x0000000704e00000, 0x0000000704e00000|100%|HS|  |TAMS 0x0000000704e00000, 0x0000000704e00000| Complete 
|  29|0x0000000704e00000, 0x0000000705000000, 0x0000000705000000|100%|HC|  |TAMS 0x0000000705000000, 0x0000000705000000| Complete 
|  30|0x0000000705000000, 0x0000000705200000, 0x0000000705200000|100%|HS|  |TAMS 0x0000000705200000, 0x0000000705200000| Complete 
|  31|0x0000000705200000, 0x0000000705400000, 0x0000000705400000|100%|HC|  |TAMS 0x0000000705400000, 0x0000000705400000| Complete 
|  32|0x0000000705400000, 0x0000000705600000, 0x0000000705600000|100%|HS|  |TAMS 0x0000000705600000, 0x0000000705600000| Complete 
|  33|0x0000000705600000, 0x0000000705800000, 0x0000000705800000|100%|HC|  |TAMS 0x0000000705800000, 0x0000000705800000| Complete 
|  34|0x0000000705800000, 0x0000000705a00000, 0x0000000705a00000|100%|HC|  |TAMS 0x0000000705a00000, 0x0000000705a00000| Complete 
|  35|0x0000000705a00000, 0x0000000705c00000, 0x0000000705c00000|100%|HS|  |TAMS 0x0000000705a00000, 0x0000000705c00000| Complete 
|  36|0x0000000705c00000, 0x0000000705e00000, 0x0000000705e00000|100%|HC|  |TAMS 0x0000000705c00000, 0x0000000705e00000| Complete 
|  37|0x0000000705e00000, 0x0000000705e00000, 0x0000000706000000|  0%| F|  |TAMS 0x0000000705e00000, 0x0000000705e00000| Untracked 
|  38|0x0000000706000000, 0x0000000706200000, 0x0000000706200000|100%|HS|  |TAMS 0x0000000706200000, 0x0000000706200000| Complete 
|  39|0x0000000706200000, 0x0000000706400000, 0x0000000706400000|100%|HC|  |TAMS 0x0000000706400000, 0x0000000706400000| Complete 
|  40|0x0000000706400000, 0x0000000706400000, 0x0000000706600000|  0%| F|  |TAMS 0x0000000706400000, 0x0000000706400000| Untracked 
|  41|0x0000000706600000, 0x0000000706800000, 0x0000000706800000|100%|HS|  |TAMS 0x0000000706800000, 0x0000000706800000| Complete 
|  42|0x0000000706800000, 0x0000000706a00000, 0x0000000706a00000|100%|HC|  |TAMS 0x0000000706a00000, 0x0000000706a00000| Complete 
|  43|0x0000000706a00000, 0x0000000706a00000, 0x0000000706c00000|  0%| F|  |TAMS 0x0000000706a00000, 0x0000000706a00000| Untracked 
|  44|0x0000000706c00000, 0x0000000706e00000, 0x0000000706e00000|100%|HS|  |TAMS 0x0000000706e00000, 0x0000000706e00000| Complete 
|  45|0x0000000706e00000, 0x0000000707000000, 0x0000000707000000|100%|HC|  |TAMS 0x0000000707000000, 0x0000000707000000| Complete 
|  46|0x0000000707000000, 0x0000000707000000, 0x0000000707200000|  0%| F|  |TAMS 0x0000000707000000, 0x0000000707000000| Untracked 
|  47|0x0000000707200000, 0x0000000707400000, 0x0000000707400000|100%|HS|  |TAMS 0x0000000707400000, 0x0000000707400000| Complete 
|  48|0x0000000707400000, 0x0000000707600000, 0x0000000707600000|100%|HC|  |TAMS 0x0000000707600000, 0x0000000707600000| Complete 
|  49|0x0000000707600000, 0x0000000707600000, 0x0000000707800000|  0%| F|  |TAMS 0x0000000707600000, 0x0000000707600000| Untracked 
|  50|0x0000000707800000, 0x0000000707a00000, 0x0000000707a00000|100%|HS|  |TAMS 0x0000000707a00000, 0x0000000707a00000| Complete 
|  51|0x0000000707a00000, 0x0000000707c00000, 0x0000000707c00000|100%|HC|  |TAMS 0x0000000707c00000, 0x0000000707c00000| Complete 
|  52|0x0000000707c00000, 0x0000000707c00000, 0x0000000707e00000|  0%| F|  |TAMS 0x0000000707c00000, 0x0000000707c00000| Untracked 
|  53|0x0000000707e00000, 0x0000000708000000, 0x0000000708000000|100%|HS|  |TAMS 0x0000000708000000, 0x0000000708000000| Complete 
|  54|0x0000000708000000, 0x0000000708200000, 0x0000000708200000|100%|HC|  |TAMS 0x0000000708200000, 0x0000000708200000| Complete 
|  55|0x0000000708200000, 0x0000000708200000, 0x0000000708400000|  0%| F|  |TAMS 0x0000000708200000, 0x0000000708200000| Untracked 
|  56|0x0000000708400000, 0x0000000708600000, 0x0000000708600000|100%|HS|  |TAMS 0x0000000708600000, 0x0000000708600000| Complete 
|  57|0x0000000708600000, 0x0000000708800000, 0x0000000708800000|100%|HC|  |TAMS 0x0000000708800000, 0x0000000708800000| Complete 
|  58|0x0000000708800000, 0x0000000708a00000, 0x0000000708a00000|100%| O|  |TAMS 0x000000070891f600, 0x0000000708a00000| Untracked 
|  59|0x0000000708a00000, 0x0000000708c00000, 0x0000000708c00000|100%|HS|  |TAMS 0x0000000708c00000, 0x0000000708c00000| Complete 
|  60|0x0000000708c00000, 0x0000000708e00000, 0x0000000708e00000|100%|HC|  |TAMS 0x0000000708e00000, 0x0000000708e00000| Complete 
|  61|0x0000000708e00000, 0x0000000709000000, 0x0000000709000000|100%|HS|  |TAMS 0x0000000709000000, 0x0000000709000000| Complete 
|  62|0x0000000709000000, 0x0000000709200000, 0x0000000709200000|100%|HC|  |TAMS 0x0000000709200000, 0x0000000709200000| Complete 
|  63|0x0000000709200000, 0x0000000709400000, 0x0000000709400000|100%|HC|  |TAMS 0x0000000709400000, 0x0000000709400000| Complete 
|  64|0x0000000709400000, 0x0000000709600000, 0x0000000709600000|100%|HS|  |TAMS 0x0000000709600000, 0x0000000709600000| Complete 
|  65|0x0000000709600000, 0x0000000709800000, 0x0000000709800000|100%|HC|  |TAMS 0x0000000709800000, 0x0000000709800000| Complete 
|  66|0x0000000709800000, 0x0000000709a00000, 0x0000000709a00000|100%|HS|  |TAMS 0x0000000709a00000, 0x0000000709a00000| Complete 
|  67|0x0000000709a00000, 0x0000000709c00000, 0x0000000709c00000|100%|HC|  |TAMS 0x0000000709c00000, 0x0000000709c00000| Complete 
|  68|0x0000000709c00000, 0x0000000709e00000, 0x0000000709e00000|100%|HC|  |TAMS 0x0000000709e00000, 0x0000000709e00000| Complete 
|  69|0x0000000709e00000, 0x000000070a000000, 0x000000070a000000|100%|HS|  |TAMS 0x000000070a000000, 0x000000070a000000| Complete 
|  70|0x000000070a000000, 0x000000070a200000, 0x000000070a200000|100%|HC|  |TAMS 0x000000070a200000, 0x000000070a200000| Complete 
|  71|0x000000070a200000, 0x000000070a400000, 0x000000070a400000|100%|HS|  |TAMS 0x000000070a400000, 0x000000070a400000| Complete 
|  72|0x000000070a400000, 0x000000070a600000, 0x000000070a600000|100%|HC|  |TAMS 0x000000070a600000, 0x000000070a600000| Complete 
|  73|0x000000070a600000, 0x000000070a800000, 0x000000070a800000|100%|HC|  |TAMS 0x000000070a800000, 0x000000070a800000| Complete 
|  74|0x000000070a800000, 0x000000070aa00000, 0x000000070aa00000|100%|HS|  |TAMS 0x000000070aa00000, 0x000000070aa00000| Complete 
|  75|0x000000070aa00000, 0x000000070ac00000, 0x000000070ac00000|100%|HC|  |TAMS 0x000000070ac00000, 0x000000070ac00000| Complete 
|  76|0x000000070ac00000, 0x000000070ae00000, 0x000000070ae00000|100%|HC|  |TAMS 0x000000070ae00000, 0x000000070ae00000| Complete 
|  77|0x000000070ae00000, 0x000000070b000000, 0x000000070b000000|100%|HS|  |TAMS 0x000000070b000000, 0x000000070b000000| Complete 
|  78|0x000000070b000000, 0x000000070b200000, 0x000000070b200000|100%|HC|  |TAMS 0x000000070b200000, 0x000000070b200000| Complete 
|  79|0x000000070b200000, 0x000000070b400000, 0x000000070b400000|100%|HS|  |TAMS 0x000000070b400000, 0x000000070b400000| Complete 
|  80|0x000000070b400000, 0x000000070b600000, 0x000000070b600000|100%|HC|  |TAMS 0x000000070b600000, 0x000000070b600000| Complete 
|  81|0x000000070b600000, 0x000000070b800000, 0x000000070b800000|100%|HC|  |TAMS 0x000000070b800000, 0x000000070b800000| Complete 
|  82|0x000000070b800000, 0x000000070b800000, 0x000000070ba00000|  0%| F|  |TAMS 0x000000070b800000, 0x000000070b800000| Untracked 
|  83|0x000000070ba00000, 0x000000070bc00000, 0x000000070bc00000|100%|HS|  |TAMS 0x000000070bc00000, 0x000000070bc00000| Complete 
|  84|0x000000070bc00000, 0x000000070be00000, 0x000000070be00000|100%|HC|  |TAMS 0x000000070be00000, 0x000000070be00000| Complete 
|  85|0x000000070be00000, 0x000000070c000000, 0x000000070c000000|100%|HC|  |TAMS 0x000000070c000000, 0x000000070c000000| Complete 
|  86|0x000000070c000000, 0x000000070c200000, 0x000000070c200000|100%|HC|  |TAMS 0x000000070c200000, 0x000000070c200000| Complete 
|  87|0x000000070c200000, 0x000000070c400000, 0x000000070c400000|100%|HC|  |TAMS 0x000000070c400000, 0x000000070c400000| Complete 
|  88|0x000000070c400000, 0x000000070c600000, 0x000000070c600000|100%|HS|  |TAMS 0x000000070c400000, 0x000000070c600000| Complete 
|  89|0x000000070c600000, 0x000000070c800000, 0x000000070c800000|100%|HC|  |TAMS 0x000000070c600000, 0x000000070c800000| Complete 
|  90|0x000000070c800000, 0x000000070c800000, 0x000000070ca00000|  0%| F|  |TAMS 0x000000070c800000, 0x000000070c800000| Untracked 
|  91|0x000000070ca00000, 0x000000070ca00000, 0x000000070cc00000|  0%| F|  |TAMS 0x000000070ca00000, 0x000000070ca00000| Untracked 
|  92|0x000000070cc00000, 0x000000070ce00000, 0x000000070ce00000|100%|HS|  |TAMS 0x000000070ce00000, 0x000000070ce00000| Complete 
|  93|0x000000070ce00000, 0x000000070d000000, 0x000000070d000000|100%|HC|  |TAMS 0x000000070d000000, 0x000000070d000000| Complete 
|  94|0x000000070d000000, 0x000000070d200000, 0x000000070d200000|100%|HS|  |TAMS 0x000000070d200000, 0x000000070d200000| Complete 
|  95|0x000000070d200000, 0x000000070d400000, 0x000000070d400000|100%|HC|  |TAMS 0x000000070d400000, 0x000000070d400000| Complete 
|  96|0x000000070d400000, 0x000000070d600000, 0x000000070d600000|100%|HS|  |TAMS 0x000000070d600000, 0x000000070d600000| Complete 
|  97|0x000000070d600000, 0x000000070d800000, 0x000000070d800000|100%|HC|  |TAMS 0x000000070d800000, 0x000000070d800000| Complete 
|  98|0x000000070d800000, 0x000000070da00000, 0x000000070da00000|100%|HS|  |TAMS 0x000000070da00000, 0x000000070da00000| Complete 
|  99|0x000000070da00000, 0x000000070dc00000, 0x000000070dc00000|100%|HC|  |TAMS 0x000000070dc00000, 0x000000070dc00000| Complete 
| 100|0x000000070dc00000, 0x000000070de00000, 0x000000070de00000|100%|HS|  |TAMS 0x000000070de00000, 0x000000070de00000| Complete 
| 101|0x000000070de00000, 0x000000070e000000, 0x000000070e000000|100%|HC|  |TAMS 0x000000070e000000, 0x000000070e000000| Complete 
| 102|0x000000070e000000, 0x000000070e200000, 0x000000070e200000|100%|HS|  |TAMS 0x000000070e200000, 0x000000070e200000| Complete 
| 103|0x000000070e200000, 0x000000070e400000, 0x000000070e400000|100%|HC|  |TAMS 0x000000070e400000, 0x000000070e400000| Complete 
| 104|0x000000070e400000, 0x000000070e600000, 0x000000070e600000|100%|HS|  |TAMS 0x000000070e600000, 0x000000070e600000| Complete 
| 105|0x000000070e600000, 0x000000070e800000, 0x000000070e800000|100%|HC|  |TAMS 0x000000070e800000, 0x000000070e800000| Complete 
| 106|0x000000070e800000, 0x000000070ea00000, 0x000000070ea00000|100%|HS|  |TAMS 0x000000070ea00000, 0x000000070ea00000| Complete 
| 107|0x000000070ea00000, 0x000000070ec00000, 0x000000070ec00000|100%|HC|  |TAMS 0x000000070ec00000, 0x000000070ec00000| Complete 
| 108|0x000000070ec00000, 0x000000070ee00000, 0x000000070ee00000|100%|HS|  |TAMS 0x000000070ec00000, 0x000000070ee00000| Complete 
| 109|0x000000070ee00000, 0x000000070f000000, 0x000000070f000000|100%|HC|  |TAMS 0x000000070ee00000, 0x000000070f000000| Complete 
| 110|0x000000070f000000, 0x000000070f200000, 0x000000070f200000|100%|HS|  |TAMS 0x000000070f000000, 0x000000070f200000| Complete 
| 111|0x000000070f200000, 0x000000070f400000, 0x000000070f400000|100%|HC|  |TAMS 0x000000070f200000, 0x000000070f400000| Complete 
| 112|0x000000070f400000, 0x000000070f600000, 0x000000070f600000|100%|HS|  |TAMS 0x000000070f400000, 0x000000070f600000| Complete 
| 113|0x000000070f600000, 0x000000070f800000, 0x000000070f800000|100%|HC|  |TAMS 0x000000070f600000, 0x000000070f800000| Complete 
| 114|0x000000070f800000, 0x000000070fa00000, 0x000000070fa00000|100%|HS|  |TAMS 0x000000070f800000, 0x000000070fa00000| Complete 
| 115|0x000000070fa00000, 0x000000070fc00000, 0x000000070fc00000|100%|HC|  |TAMS 0x000000070fa00000, 0x000000070fc00000| Complete 
| 116|0x000000070fc00000, 0x000000070fe00000, 0x000000070fe00000|100%|HS|  |TAMS 0x000000070fc00000, 0x000000070fe00000| Complete 
| 117|0x000000070fe00000, 0x0000000710000000, 0x0000000710000000|100%|HC|  |TAMS 0x000000070fe00000, 0x0000000710000000| Complete 
| 118|0x0000000710000000, 0x0000000710200000, 0x0000000710200000|100%|HS|  |TAMS 0x0000000710000000, 0x0000000710200000| Complete 
| 119|0x0000000710200000, 0x0000000710400000, 0x0000000710400000|100%|HC|  |TAMS 0x0000000710200000, 0x0000000710400000| Complete 
| 120|0x0000000710400000, 0x0000000710400000, 0x0000000710600000|  0%| F|  |TAMS 0x0000000710400000, 0x0000000710400000| Untracked 
| 121|0x0000000710600000, 0x0000000710600000, 0x0000000710800000|  0%| F|  |TAMS 0x0000000710600000, 0x0000000710600000| Untracked 
| 122|0x0000000710800000, 0x0000000710800000, 0x0000000710a00000|  0%| F|  |TAMS 0x0000000710800000, 0x0000000710800000| Untracked 
| 123|0x0000000710a00000, 0x0000000710a00000, 0x0000000710c00000|  0%| F|  |TAMS 0x0000000710a00000, 0x0000000710a00000| Untracked 
| 124|0x0000000710c00000, 0x0000000710c00000, 0x0000000710e00000|  0%| F|  |TAMS 0x0000000710c00000, 0x0000000710c00000| Untracked 
| 125|0x0000000710e00000, 0x0000000710e00000, 0x0000000711000000|  0%| F|  |TAMS 0x0000000710e00000, 0x0000000710e00000| Untracked 
| 126|0x0000000711000000, 0x0000000711000000, 0x0000000711200000|  0%| F|  |TAMS 0x0000000711000000, 0x0000000711000000| Untracked 
| 127|0x0000000711200000, 0x0000000711200000, 0x0000000711400000|  0%| F|  |TAMS 0x0000000711200000, 0x0000000711200000| Untracked 
| 128|0x0000000711400000, 0x0000000711400000, 0x0000000711600000|  0%| F|  |TAMS 0x0000000711400000, 0x0000000711400000| Untracked 
| 129|0x0000000711600000, 0x0000000711600000, 0x0000000711800000|  0%| F|  |TAMS 0x0000000711600000, 0x0000000711600000| Untracked 
| 130|0x0000000711800000, 0x0000000711800000, 0x0000000711a00000|  0%| F|  |TAMS 0x0000000711800000, 0x0000000711800000| Untracked 
| 131|0x0000000711a00000, 0x0000000711a00000, 0x0000000711c00000|  0%| F|  |TAMS 0x0000000711a00000, 0x0000000711a00000| Untracked 
| 132|0x0000000711c00000, 0x0000000711c00000, 0x0000000711e00000|  0%| F|  |TAMS 0x0000000711c00000, 0x0000000711c00000| Untracked 
| 133|0x0000000711e00000, 0x0000000711e00000, 0x0000000712000000|  0%| F|  |TAMS 0x0000000711e00000, 0x0000000711e00000| Untracked 
| 134|0x0000000712000000, 0x0000000712000000, 0x0000000712200000|  0%| F|  |TAMS 0x0000000712000000, 0x0000000712000000| Untracked 
| 135|0x0000000712200000, 0x0000000712200000, 0x0000000712400000|  0%| F|  |TAMS 0x0000000712200000, 0x0000000712200000| Untracked 
| 136|0x0000000712400000, 0x0000000712400000, 0x0000000712600000|  0%| F|  |TAMS 0x0000000712400000, 0x0000000712400000| Untracked 
| 137|0x0000000712600000, 0x0000000712600000, 0x0000000712800000|  0%| F|  |TAMS 0x0000000712600000, 0x0000000712600000| Untracked 
| 138|0x0000000712800000, 0x0000000712800000, 0x0000000712a00000|  0%| F|  |TAMS 0x0000000712800000, 0x0000000712800000| Untracked 
| 139|0x0000000712a00000, 0x0000000712a00000, 0x0000000712c00000|  0%| F|  |TAMS 0x0000000712a00000, 0x0000000712a00000| Untracked 
| 140|0x0000000712c00000, 0x0000000712c00000, 0x0000000712e00000|  0%| F|  |TAMS 0x0000000712c00000, 0x0000000712c00000| Untracked 
| 141|0x0000000712e00000, 0x0000000712e00000, 0x0000000713000000|  0%| F|  |TAMS 0x0000000712e00000, 0x0000000712e00000| Untracked 
| 142|0x0000000713000000, 0x0000000713000000, 0x0000000713200000|  0%| F|  |TAMS 0x0000000713000000, 0x0000000713000000| Untracked 
| 143|0x0000000713200000, 0x0000000713200000, 0x0000000713400000|  0%| F|  |TAMS 0x0000000713200000, 0x0000000713200000| Untracked 
| 144|0x0000000713400000, 0x0000000713400000, 0x0000000713600000|  0%| F|  |TAMS 0x0000000713400000, 0x0000000713400000| Untracked 
| 145|0x0000000713600000, 0x0000000713600000, 0x0000000713800000|  0%| F|  |TAMS 0x0000000713600000, 0x0000000713600000| Untracked 
| 146|0x0000000713800000, 0x0000000713800000, 0x0000000713a00000|  0%| F|  |TAMS 0x0000000713800000, 0x0000000713800000| Untracked 
| 147|0x0000000713a00000, 0x0000000713a00000, 0x0000000713c00000|  0%| F|  |TAMS 0x0000000713a00000, 0x0000000713a00000| Untracked 
| 148|0x0000000713c00000, 0x0000000713c00000, 0x0000000713e00000|  0%| F|  |TAMS 0x0000000713c00000, 0x0000000713c00000| Untracked 
| 149|0x0000000713e00000, 0x0000000713e00000, 0x0000000714000000|  0%| F|  |TAMS 0x0000000713e00000, 0x0000000713e00000| Untracked 
| 150|0x0000000714000000, 0x0000000714000000, 0x0000000714200000|  0%| F|  |TAMS 0x0000000714000000, 0x0000000714000000| Untracked 
| 151|0x0000000714200000, 0x0000000714200000, 0x0000000714400000|  0%| F|  |TAMS 0x0000000714200000, 0x0000000714200000| Untracked 
| 152|0x0000000714400000, 0x0000000714400000, 0x0000000714600000|  0%| F|  |TAMS 0x0000000714400000, 0x0000000714400000| Untracked 
| 153|0x0000000714600000, 0x0000000714600000, 0x0000000714800000|  0%| F|  |TAMS 0x0000000714600000, 0x0000000714600000| Untracked 
| 154|0x0000000714800000, 0x0000000714800000, 0x0000000714a00000|  0%| F|  |TAMS 0x0000000714800000, 0x0000000714800000| Untracked 
| 155|0x0000000714a00000, 0x0000000714a00000, 0x0000000714c00000|  0%| F|  |TAMS 0x0000000714a00000, 0x0000000714a00000| Untracked 
| 156|0x0000000714c00000, 0x0000000714c00000, 0x0000000714e00000|  0%| F|  |TAMS 0x0000000714c00000, 0x0000000714c00000| Untracked 
| 157|0x0000000714e00000, 0x0000000714e00000, 0x0000000715000000|  0%| F|  |TAMS 0x0000000714e00000, 0x0000000714e00000| Untracked 
| 158|0x0000000715000000, 0x0000000715000000, 0x0000000715200000|  0%| F|  |TAMS 0x0000000715000000, 0x0000000715000000| Untracked 
| 159|0x0000000715200000, 0x0000000715200000, 0x0000000715400000|  0%| F|  |TAMS 0x0000000715200000, 0x0000000715200000| Untracked 
| 160|0x0000000715400000, 0x0000000715600000, 0x0000000715600000|100%|HS|  |TAMS 0x0000000715400000, 0x0000000715600000| Complete 
| 161|0x0000000715600000, 0x0000000715800000, 0x0000000715800000|100%|HC|  |TAMS 0x0000000715600000, 0x0000000715800000| Complete 
| 162|0x0000000715800000, 0x0000000715800000, 0x0000000715a00000|  0%| F|  |TAMS 0x0000000715800000, 0x0000000715800000| Untracked 
| 163|0x0000000715a00000, 0x0000000715a00000, 0x0000000715c00000|  0%| F|  |TAMS 0x0000000715a00000, 0x0000000715a00000| Untracked 
| 164|0x0000000715c00000, 0x0000000715c00000, 0x0000000715e00000|  0%| F|  |TAMS 0x0000000715c00000, 0x0000000715c00000| Untracked 
| 165|0x0000000715e00000, 0x0000000715e00000, 0x0000000716000000|  0%| F|  |TAMS 0x0000000715e00000, 0x0000000715e00000| Untracked 
| 166|0x0000000716000000, 0x0000000716200000, 0x0000000716200000|100%|HS|  |TAMS 0x0000000716000000, 0x0000000716200000| Complete 
| 167|0x0000000716200000, 0x0000000716400000, 0x0000000716400000|100%|HC|  |TAMS 0x0000000716200000, 0x0000000716400000| Complete 
| 168|0x0000000716400000, 0x0000000716600000, 0x0000000716600000|100%|HS|  |TAMS 0x0000000716400000, 0x0000000716600000| Complete 
| 169|0x0000000716600000, 0x0000000716800000, 0x0000000716800000|100%|HC|  |TAMS 0x0000000716600000, 0x0000000716800000| Complete 
| 170|0x0000000716800000, 0x0000000716a00000, 0x0000000716a00000|100%|HS|  |TAMS 0x0000000716800000, 0x0000000716a00000| Complete 
| 171|0x0000000716a00000, 0x0000000716c00000, 0x0000000716c00000|100%|HC|  |TAMS 0x0000000716a00000, 0x0000000716c00000| Complete 
| 172|0x0000000716c00000, 0x0000000716c00000, 0x0000000716e00000|  0%| F|  |TAMS 0x0000000716c00000, 0x0000000716c00000| Untracked 
| 173|0x0000000716e00000, 0x0000000716e00000, 0x0000000717000000|  0%| F|  |TAMS 0x0000000716e00000, 0x0000000716e00000| Untracked 
| 174|0x0000000717000000, 0x0000000717200000, 0x0000000717200000|100%|HS|  |TAMS 0x0000000717000000, 0x0000000717200000| Complete 
| 175|0x0000000717200000, 0x0000000717400000, 0x0000000717400000|100%|HC|  |TAMS 0x0000000717200000, 0x0000000717400000| Complete 
| 176|0x0000000717400000, 0x0000000717600000, 0x0000000717600000|100%|HS|  |TAMS 0x0000000717400000, 0x0000000717600000| Complete 
| 177|0x0000000717600000, 0x0000000717800000, 0x0000000717800000|100%|HC|  |TAMS 0x0000000717600000, 0x0000000717800000| Complete 
| 178|0x0000000717800000, 0x0000000717a00000, 0x0000000717a00000|100%|HS|  |TAMS 0x0000000717800000, 0x0000000717a00000| Complete 
| 179|0x0000000717a00000, 0x0000000717c00000, 0x0000000717c00000|100%|HC|  |TAMS 0x0000000717a00000, 0x0000000717c00000| Complete 
| 180|0x0000000717c00000, 0x0000000717c00000, 0x0000000717e00000|  0%| F|  |TAMS 0x0000000717c00000, 0x0000000717c00000| Untracked 
| 181|0x0000000717e00000, 0x0000000717e00000, 0x0000000718000000|  0%| F|  |TAMS 0x0000000717e00000, 0x0000000717e00000| Untracked 
| 182|0x0000000718000000, 0x0000000718200000, 0x0000000718200000|100%|HS|  |TAMS 0x0000000718000000, 0x0000000718200000| Complete 
| 183|0x0000000718200000, 0x0000000718400000, 0x0000000718400000|100%|HC|  |TAMS 0x0000000718200000, 0x0000000718400000| Complete 
| 184|0x0000000718400000, 0x0000000718600000, 0x0000000718600000|100%|HS|  |TAMS 0x0000000718400000, 0x0000000718600000| Complete 
| 185|0x0000000718600000, 0x0000000718800000, 0x0000000718800000|100%|HC|  |TAMS 0x0000000718600000, 0x0000000718800000| Complete 
| 186|0x0000000718800000, 0x0000000718a00000, 0x0000000718a00000|100%|HS|  |TAMS 0x0000000718800000, 0x0000000718a00000| Complete 
| 187|0x0000000718a00000, 0x0000000718c00000, 0x0000000718c00000|100%|HC|  |TAMS 0x0000000718a00000, 0x0000000718c00000| Complete 
| 188|0x0000000718c00000, 0x0000000718e00000, 0x0000000718e00000|100%|HS|  |TAMS 0x0000000718c00000, 0x0000000718e00000| Complete 
| 189|0x0000000718e00000, 0x0000000719000000, 0x0000000719000000|100%|HC|  |TAMS 0x0000000718e00000, 0x0000000719000000| Complete 
| 190|0x0000000719000000, 0x0000000719200000, 0x0000000719200000|100%|HS|  |TAMS 0x0000000719000000, 0x0000000719200000| Complete 
| 191|0x0000000719200000, 0x0000000719400000, 0x0000000719400000|100%|HC|  |TAMS 0x0000000719200000, 0x0000000719400000| Complete 
| 192|0x0000000719400000, 0x0000000719400000, 0x0000000719600000|  0%| F|  |TAMS 0x0000000719400000, 0x0000000719400000| Untracked 
| 193|0x0000000719600000, 0x0000000719600000, 0x0000000719800000|  0%| F|  |TAMS 0x0000000719600000, 0x0000000719600000| Untracked 
| 194|0x0000000719800000, 0x0000000719800000, 0x0000000719a00000|  0%| F|  |TAMS 0x0000000719800000, 0x0000000719800000| Untracked 
| 195|0x0000000719a00000, 0x0000000719c00000, 0x0000000719c00000|100%|HS|  |TAMS 0x0000000719a00000, 0x0000000719c00000| Complete 
| 196|0x0000000719c00000, 0x0000000719e00000, 0x0000000719e00000|100%|HC|  |TAMS 0x0000000719c00000, 0x0000000719e00000| Complete 
| 197|0x0000000719e00000, 0x000000071a000000, 0x000000071a000000|100%|HS|  |TAMS 0x0000000719e00000, 0x000000071a000000| Complete 
| 198|0x000000071a000000, 0x000000071a200000, 0x000000071a200000|100%|HC|  |TAMS 0x000000071a000000, 0x000000071a200000| Complete 
| 199|0x000000071a200000, 0x000000071a400000, 0x000000071a400000|100%|HS|  |TAMS 0x000000071a200000, 0x000000071a400000| Complete 
| 200|0x000000071a400000, 0x000000071a600000, 0x000000071a600000|100%|HC|  |TAMS 0x000000071a400000, 0x000000071a600000| Complete 
| 201|0x000000071a600000, 0x000000071a800000, 0x000000071a800000|100%|HS|  |TAMS 0x000000071a600000, 0x000000071a800000| Complete 
| 202|0x000000071a800000, 0x000000071aa00000, 0x000000071aa00000|100%|HC|  |TAMS 0x000000071a800000, 0x000000071aa00000| Complete 
| 203|0x000000071aa00000, 0x000000071aa00000, 0x000000071ac00000|  0%| F|  |TAMS 0x000000071aa00000, 0x000000071aa00000| Untracked 
| 204|0x000000071ac00000, 0x000000071ac00000, 0x000000071ae00000|  0%| F|  |TAMS 0x000000071ac00000, 0x000000071ac00000| Untracked 
| 205|0x000000071ae00000, 0x000000071ae00000, 0x000000071b000000|  0%| F|  |TAMS 0x000000071ae00000, 0x000000071ae00000| Untracked 
| 206|0x000000071b000000, 0x000000071b000000, 0x000000071b200000|  0%| F|  |TAMS 0x000000071b000000, 0x000000071b000000| Untracked 
| 207|0x000000071b200000, 0x000000071b200000, 0x000000071b400000|  0%| F|  |TAMS 0x000000071b200000, 0x000000071b200000| Untracked 
| 208|0x000000071b400000, 0x000000071b400000, 0x000000071b600000|  0%| F|  |TAMS 0x000000071b400000, 0x000000071b400000| Untracked 
| 209|0x000000071b600000, 0x000000071b600000, 0x000000071b800000|  0%| F|  |TAMS 0x000000071b600000, 0x000000071b600000| Untracked 
| 210|0x000000071b800000, 0x000000071b800000, 0x000000071ba00000|  0%| F|  |TAMS 0x000000071b800000, 0x000000071b800000| Untracked 
| 211|0x000000071ba00000, 0x000000071ba00000, 0x000000071bc00000|  0%| F|  |TAMS 0x000000071ba00000, 0x000000071ba00000| Untracked 
| 212|0x000000071bc00000, 0x000000071bc00000, 0x000000071be00000|  0%| F|  |TAMS 0x000000071bc00000, 0x000000071bc00000| Untracked 
| 213|0x000000071be00000, 0x000000071be00000, 0x000000071c000000|  0%| F|  |TAMS 0x000000071be00000, 0x000000071be00000| Untracked 
| 214|0x000000071c000000, 0x000000071c000000, 0x000000071c200000|  0%| F|  |TAMS 0x000000071c000000, 0x000000071c000000| Untracked 
| 215|0x000000071c200000, 0x000000071c200000, 0x000000071c400000|  0%| F|  |TAMS 0x000000071c200000, 0x000000071c200000| Untracked 
| 216|0x000000071c400000, 0x000000071c400000, 0x000000071c600000|  0%| F|  |TAMS 0x000000071c400000, 0x000000071c400000| Untracked 
| 217|0x000000071c600000, 0x000000071c600000, 0x000000071c800000|  0%| F|  |TAMS 0x000000071c600000, 0x000000071c600000| Untracked 
| 218|0x000000071c800000, 0x000000071c800000, 0x000000071ca00000|  0%| F|  |TAMS 0x000000071c800000, 0x000000071c800000| Untracked 
| 219|0x000000071ca00000, 0x000000071ca00000, 0x000000071cc00000|  0%| F|  |TAMS 0x000000071ca00000, 0x000000071ca00000| Untracked 
| 220|0x000000071cc00000, 0x000000071cc00000, 0x000000071ce00000|  0%| F|  |TAMS 0x000000071cc00000, 0x000000071cc00000| Untracked 
| 221|0x000000071ce00000, 0x000000071ce22d38, 0x000000071d000000|  6%| S|CS|TAMS 0x000000071ce00000, 0x000000071ce00000| Complete 
| 222|0x000000071d000000, 0x000000071d000000, 0x000000071d200000|  0%| F|  |TAMS 0x000000071d000000, 0x000000071d000000| Untracked 
| 223|0x000000071d200000, 0x000000071d200000, 0x000000071d400000|  0%| F|  |TAMS 0x000000071d200000, 0x000000071d200000| Untracked 

Card table byte_map: [0x00000224796f0000,0x0000022479ef0000] _byte_map_base: 0x0000022475ee6000

Marking Bits (Prev, Next): (CMBitMap*) 0x0000022478b72cd0, (CMBitMap*) 0x0000022478b72c90
 Prev Bits: [0x0000022416a30000, 0x000002241a9e0000)
 Next Bits: [0x000002247a6f0000, 0x000002247e6a0000)

Polling page: 0x0000022476a90000

Metaspace:

Usage:
  Non-class:      8.07 MB used.
      Class:      1.02 MB used.
       Both:      9.09 MB used.

Virtual space:
  Non-class space:       64.00 MB reserved,       8.19 MB ( 13%) committed,  1 nodes.
      Class space:        1.00 GB reserved,       1.12 MB ( <1%) committed,  1 nodes.
             Both:        1.06 GB reserved,       9.31 MB ( <1%) committed. 

Chunk freelists:
   Non-Class:  6.98 MB
       Class:  14.73 MB
        Both:  21.71 MB

MaxMetaspaceSize: unlimited
CompressedClassSpaceSize: 1.00 GB
Initial GC threshold: 21.00 MB
Current GC threshold: 21.00 MB
CDS: on
MetaspaceReclaimPolicy: balanced
 - commit_granule_bytes: 65536.
 - commit_granule_words: 8192.
 - virtual_space_node_default_size: 8388608.
 - enlarge_chunks_in_place: 1.
 - new_chunks_are_fully_committed: 0.
 - uncommit_free_chunks: 1.
 - use_allocation_guard: 0.
 - handle_deallocations: 1.


Internal statistics:

num_allocs_failed_limit: 0.
num_arena_births: 126.
num_arena_deaths: 0.
num_vsnodes_births: 2.
num_vsnodes_deaths: 0.
num_space_committed: 149.
num_space_uncommitted: 0.
num_chunks_returned_to_freelist: 0.
num_chunks_taken_from_freelist: 204.
num_chunk_merges: 0.
num_chunk_splits: 106.
num_chunks_enlarged: 39.
num_inconsistent_stats: 0.

CodeHeap 'non-profiled nmethods': size=120000Kb used=479Kb max_used=479Kb free=119520Kb
 bounds [0x000002240f500000, 0x000002240f770000, 0x0000022416a30000]
CodeHeap 'profiled nmethods': size=120000Kb used=2435Kb max_used=2435Kb free=117564Kb
 bounds [0x0000022407a30000, 0x0000022407ca0000, 0x000002240ef60000]
CodeHeap 'non-nmethods': size=5760Kb used=1296Kb max_used=1327Kb free=4463Kb
 bounds [0x000002240ef60000, 0x000002240f1d0000, 0x000002240f500000]
 total_blobs=2101 nmethods=1475 adapters=539
 compilation: enabled
              stopped_count=0, restarted_count=0
 full_count=0

Compilation events (20 events):
Event: 1.318 Thread 0x000002247eb8fc20 nmethod 1465 0x0000022407c87190 code [0x0000022407c87480, 0x0000022407c883d8]
Event: 1.318 Thread 0x000002247eb8fc20 1466       3       java.awt.font.FontRenderContext::equals (127 bytes)
Event: 1.318 Thread 0x000002247eb8fc20 nmethod 1466 0x0000022407c88910 code [0x0000022407c88c00, 0x0000022407c89e58]
Event: 1.318 Thread 0x000002247eb8fc20 1467       3       sun.awt.SunHints$Value::hashCode (5 bytes)
Event: 1.319 Thread 0x000002247eb8fc20 nmethod 1467 0x0000022407c8a210 code [0x0000022407c8a3a0, 0x0000022407c8a4c8]
Event: 1.319 Thread 0x000002247eb8fc20 1470       3       java.util.concurrent.locks.ReentrantLock::lock (8 bytes)
Event: 1.319 Thread 0x000002247eb8fc20 nmethod 1470 0x0000022407c8a590 code [0x0000022407c8a740, 0x0000022407c8a9f8]
Event: 1.319 Thread 0x000002247eb8fc20 1471       3       java.util.concurrent.locks.ReentrantLock$Sync::lock (13 bytes)
Event: 1.319 Thread 0x000002247eb8fc20 nmethod 1471 0x0000022407c8ab10 code [0x0000022407c8acc0, 0x0000022407c8aef8]
Event: 1.319 Thread 0x000002247eb8fc20 1469       3       sun.java2d.pipe.RenderBuffer::putLong (26 bytes)
Event: 1.319 Thread 0x000002247eb8fc20 nmethod 1469 0x0000022407c8af90 code [0x0000022407c8b120, 0x0000022407c8b2b8]
Event: 1.319 Thread 0x000002247eb8fc20 1472       1       javax.swing.text.View::getParent (5 bytes)
Event: 1.319 Thread 0x000002247eb8fc20 nmethod 1472 0x000002240f577910 code [0x000002240f577aa0, 0x000002240f577b78]
Event: 1.319 Thread 0x000002247eb8fc20 1473   !   3       sun.java2d.pipe.DrawImage::renderImageXform (736 bytes)
Event: 1.322 Thread 0x000002247eb8fc20 nmethod 1473 0x0000022407c8b390 code [0x0000022407c8b840, 0x0000022407c8e348]
Event: 1.322 Thread 0x000002247eb8fc20 1474       1       Actors.Berry::isEaten (5 bytes)
Event: 1.322 Thread 0x000002247eb8fc20 nmethod 1474 0x000002240f577c10 code [0x000002240f577da0, 0x000002240f577e78]
Event: 1.327 Thread 0x000002247eb8fc20 1475       3       java.awt.image.PackedColorModel::createBitsArray (150 bytes)
Event: 1.327 Thread 0x000002247eb8fc20 nmethod 1475 0x0000022407c8fb90 code [0x0000022407c8fe60, 0x0000022407c90a38]
Event: 1.327 Thread 0x000002247eb8fc20 1476       3       sun.java2d.loops.MaskBlit::getFromCache (93 bytes)

GC Heap History (20 events):
Event: 0.445 GC heap after
{Heap after GC invocations=3 (full 0):
 garbage-first heap   total 262144K, used 64658K [0x0000000701400000, 0x0000000800000000)
  region size 2048K, 1 young (2048K), 1 survivors (2048K)
 Metaspace       used 4918K, committed 5120K, reserved 1114112K
  class space    used 491K, committed 576K, reserved 1048576K
}
Event: 0.499 GC heap before
{Heap before GC invocations=3 (full 0):
 garbage-first heap   total 262144K, used 128146K [0x0000000701400000, 0x0000000800000000)
  region size 2048K, 8 young (16384K), 1 survivors (2048K)
 Metaspace       used 4924K, committed 5120K, reserved 1114112K
  class space    used 491K, committed 576K, reserved 1048576K
}
Event: 0.500 GC heap after
{Heap after GC invocations=4 (full 0):
 garbage-first heap   total 262144K, used 115863K [0x0000000701400000, 0x0000000800000000)
  region size 2048K, 1 young (2048K), 1 survivors (2048K)
 Metaspace       used 4924K, committed 5120K, reserved 1114112K
  class space    used 491K, committed 576K, reserved 1048576K
}
Event: 0.506 GC heap before
{Heap before GC invocations=4 (full 0):
 garbage-first heap   total 262144K, used 119959K [0x0000000701400000, 0x0000000800000000)
  region size 2048K, 2 young (4096K), 1 survivors (2048K)
 Metaspace       used 4925K, committed 5120K, reserved 1114112K
  class space    used 491K, committed 576K, reserved 1048576K
}
Event: 0.507 GC heap after
{Heap after GC invocations=5 (full 0):
 garbage-first heap   total 262144K, used 103598K [0x0000000701400000, 0x0000000800000000)
  region size 2048K, 1 young (2048K), 1 survivors (2048K)
 Metaspace       used 4925K, committed 5120K, reserved 1114112K
  class space    used 491K, committed 576K, reserved 1048576K
}
Event: 0.521 GC heap before
{Heap before GC invocations=5 (full 0):
 garbage-first heap   total 262144K, used 119982K [0x0000000701400000, 0x0000000800000000)
  region size 2048K, 3 young (6144K), 1 survivors (2048K)
 Metaspace       used 4926K, committed 5120K, reserved 1114112K
  class space    used 491K, committed 576K, reserved 1048576K
}
Event: 0.522 GC heap after
{Heap after GC invocations=6 (full 0):
 garbage-first heap   total 262144K, used 105649K [0x0000000701400000, 0x0000000800000000)
  region size 2048K, 1 young (2048K), 1 survivors (2048K)
 Metaspace       used 4926K, committed 5120K, reserved 1114112K
  class space    used 491K, committed 576K, reserved 1048576K
}
Event: 0.532 GC heap before
{Heap before GC invocations=6 (full 0):
 garbage-first heap   total 262144K, used 117937K [0x0000000701400000, 0x0000000800000000)
  region size 2048K, 3 young (6144K), 1 survivors (2048K)
 Metaspace       used 4927K, committed 5120K, reserved 1114112K
  class space    used 491K, committed 576K, reserved 1048576K
}
Event: 0.533 GC heap after
{Heap after GC invocations=7 (full 0):
 garbage-first heap   total 458752K, used 107673K [0x0000000701400000, 0x0000000800000000)
  region size 2048K, 1 young (2048K), 1 survivors (2048K)
 Metaspace       used 4927K, committed 5120K, reserved 1114112K
  class space    used 491K, committed 576K, reserved 1048576K
}
Event: 0.716 GC heap before
{Heap before GC invocations=7 (full 0):
 garbage-first heap   total 458752K, used 238745K [0x0000000701400000, 0x0000000800000000)
  region size 2048K, 19 young (38912K), 1 survivors (2048K)
 Metaspace       used 4942K, committed 5120K, reserved 1114112K
  class space    used 491K, committed 576K, reserved 1048576K
}
Event: 0.718 GC heap after
{Heap after GC invocations=8 (full 0):
 garbage-first heap   total 458752K, used 208590K [0x0000000701400000, 0x0000000800000000)
  region size 2048K, 3 young (6144K), 3 survivors (6144K)
 Metaspace       used 4942K, committed 5120K, reserved 1114112K
  class space    used 491K, committed 576K, reserved 1048576K
}
Event: 0.720 GC heap before
{Heap before GC invocations=8 (full 0):
 garbage-first heap   total 458752K, used 212686K [0x0000000701400000, 0x0000000800000000)
  region size 2048K, 4 young (8192K), 3 survivors (6144K)
 Metaspace       used 4942K, committed 5120K, reserved 1114112K
  class space    used 491K, committed 576K, reserved 1048576K
}
Event: 0.721 GC heap after
{Heap after GC invocations=9 (full 0):
 garbage-first heap   total 458752K, used 165580K [0x0000000701400000, 0x0000000800000000)
  region size 2048K, 4 young (8192K), 4 survivors (8192K)
 Metaspace       used 4942K, committed 5120K, reserved 1114112K
  class space    used 491K, committed 576K, reserved 1048576K
}
Event: 0.781 GC heap before
{Heap before GC invocations=9 (full 0):
 garbage-first heap   total 458752K, used 224972K [0x0000000701400000, 0x0000000800000000)
  region size 2048K, 11 young (22528K), 4 survivors (8192K)
 Metaspace       used 4946K, committed 5120K, reserved 1114112K
  class space    used 491K, committed 576K, reserved 1048576K
}
Event: 0.782 GC heap after
{Heap after GC invocations=10 (full 0):
 garbage-first heap   total 458752K, used 211227K [0x0000000701400000, 0x0000000800000000)
  region size 2048K, 3 young (6144K), 3 survivors (6144K)
 Metaspace       used 4946K, committed 5120K, reserved 1114112K
  class space    used 491K, committed 576K, reserved 1048576K
}
Event: 1.302 GC heap before
{Heap before GC invocations=11 (full 0):
 garbage-first heap   total 458752K, used 446747K [0x0000000701400000, 0x0000000800000000)
  region size 2048K, 29 young (59392K), 3 survivors (6144K)
 Metaspace       used 9261K, committed 9472K, reserved 1114112K
  class space    used 1042K, committed 1152K, reserved 1048576K
}
Event: 1.305 GC heap after
{Heap after GC invocations=12 (full 0):
 garbage-first heap   total 458752K, used 372655K [0x0000000701400000, 0x0000000800000000)
  region size 2048K, 4 young (8192K), 4 survivors (8192K)
 Metaspace       used 9261K, committed 9472K, reserved 1114112K
  class space    used 1042K, committed 1152K, reserved 1048576K
}
Event: 1.322 GC heap before
{Heap before GC invocations=12 (full 0):
 garbage-first heap   total 458752K, used 409519K [0x0000000701400000, 0x0000000800000000)
  region size 2048K, 12 young (24576K), 4 survivors (8192K)
 Metaspace       used 9305K, committed 9536K, reserved 1114112K
  class space    used 1042K, committed 1152K, reserved 1048576K
}
Event: 1.325 GC heap after
{Heap after GC invocations=13 (full 0):
 garbage-first heap   total 458752K, used 284297K [0x0000000701400000, 0x0000000800000000)
  region size 2048K, 1 young (2048K), 1 survivors (2048K)
 Metaspace       used 9305K, committed 9536K, reserved 1114112K
  class space    used 1042K, committed 1152K, reserved 1048576K
}
Event: 1.327 GC heap before
{Heap before GC invocations=13 (full 0):
 garbage-first heap   total 458752K, used 286345K [0x0000000701400000, 0x0000000800000000)
  region size 2048K, 3 young (6144K), 1 survivors (2048K)
 Metaspace       used 9306K, committed 9536K, reserved 1114112K
  class space    used 1042K, committed 1152K, reserved 1048576K
}

Dll operation events (10 events):
Event: 0.007 Loaded shared library C:\Users\1000a\AppData\Local\Programs\Eclipse Adoptium\jdk-17.0.8.101-hotspot\bin\java.dll
Event: 0.030 Loaded shared library C:\Users\1000a\AppData\Local\Programs\Eclipse Adoptium\jdk-17.0.8.101-hotspot\bin\jsvml.dll
Event: 0.061 Loaded shared library C:\Users\1000a\AppData\Local\Programs\Eclipse Adoptium\jdk-17.0.8.101-hotspot\bin\net.dll
Event: 0.062 Loaded shared library C:\Users\1000a\AppData\Local\Programs\Eclipse Adoptium\jdk-17.0.8.101-hotspot\bin\nio.dll
Event: 0.066 Loaded shared library C:\Users\1000a\AppData\Local\Programs\Eclipse Adoptium\jdk-17.0.8.101-hotspot\bin\jimage.dll
Event: 0.086 Loaded shared library C:\Users\1000a\AppData\Local\Programs\Eclipse Adoptium\jdk-17.0.8.101-hotspot\bin\zip.dll
Event: 0.095 Loaded shared library C:\Users\1000a\AppData\Local\Programs\Eclipse Adoptium\jdk-17.0.8.101-hotspot\bin\awt.dll
Event: 0.958 Loaded shared library C:\Users\1000a\AppData\Local\Programs\Eclipse Adoptium\jdk-17.0.8.101-hotspot\bin\freetype.dll
Event: 0.958 Loaded shared library C:\Users\1000a\AppData\Local\Programs\Eclipse Adoptium\jdk-17.0.8.101-hotspot\bin\fontmanager.dll
Event: 1.202 Loaded shared library C:\Users\1000a\AppData\Local\Programs\Eclipse Adoptium\jdk-17.0.8.101-hotspot\bin\mlib_image.dll

Deoptimization events (20 events):
Event: 1.225 Thread 0x000002247eb95830 Uncommon trap: trap_request=0xffffffc6 fr.pc=0x000002240f5571b0 relative=0x00000000000005d0
Event: 1.225 Thread 0x000002247eb95830 Uncommon trap: reason=bimorphic_or_optimized_type_check action=maybe_recompile pc=0x000002240f5571b0 method=java.util.concurrent.ConcurrentHashMap.get(Ljava/lang/Object;)Ljava/lang/Object; @ 149 c2
Event: 1.225 Thread 0x000002247eb95830 DEOPT PACKING pc=0x000002240f5571b0 sp=0x000000bc9dffda50
Event: 1.225 Thread 0x000002247eb95830 DEOPT UNPACKING pc=0x000002240efb69a3 sp=0x000000bc9dffd9f0 mode 2
Event: 1.226 Thread 0x000002247eb95830 Uncommon trap: trap_request=0xffffffc6 fr.pc=0x000002240f5571b0 relative=0x00000000000005d0
Event: 1.226 Thread 0x000002247eb95830 Uncommon trap: reason=bimorphic_or_optimized_type_check action=maybe_recompile pc=0x000002240f5571b0 method=java.util.concurrent.ConcurrentHashMap.get(Ljava/lang/Object;)Ljava/lang/Object; @ 149 c2
Event: 1.226 Thread 0x000002247eb95830 DEOPT PACKING pc=0x000002240f5571b0 sp=0x000000bc9dffdee0
Event: 1.226 Thread 0x000002247eb95830 DEOPT UNPACKING pc=0x000002240efb69a3 sp=0x000000bc9dffde80 mode 2
Event: 1.226 Thread 0x000002247eb95830 Uncommon trap: trap_request=0xffffffc6 fr.pc=0x000002240f5571b0 relative=0x00000000000005d0
Event: 1.226 Thread 0x000002247eb95830 Uncommon trap: reason=bimorphic_or_optimized_type_check action=maybe_recompile pc=0x000002240f5571b0 method=java.util.concurrent.ConcurrentHashMap.get(Ljava/lang/Object;)Ljava/lang/Object; @ 149 c2
Event: 1.226 Thread 0x000002247eb95830 DEOPT PACKING pc=0x000002240f5571b0 sp=0x000000bc9dffde30
Event: 1.226 Thread 0x000002247eb95830 DEOPT UNPACKING pc=0x000002240efb69a3 sp=0x000000bc9dffddd0 mode 2
Event: 1.251 Thread 0x0000022469835580 Uncommon trap: trap_request=0xffffff45 fr.pc=0x000002240f550584 relative=0x00000000000000e4
Event: 1.251 Thread 0x0000022469835580 Uncommon trap: reason=unstable_if action=reinterpret pc=0x000002240f550584 method=java.lang.ThreadLocal.get()Ljava/lang/Object; @ 11 c2
Event: 1.251 Thread 0x0000022469835580 DEOPT PACKING pc=0x000002240f550584 sp=0x000000bc9e5fee00
Event: 1.251 Thread 0x0000022469835580 DEOPT UNPACKING pc=0x000002240efb69a3 sp=0x000000bc9e5fed90 mode 2
Event: 1.306 Thread 0x0000022469837e00 DEOPT PACKING pc=0x0000022407c2f66a sp=0x000000bc9e7fec50
Event: 1.306 Thread 0x0000022469837e00 DEOPT UNPACKING pc=0x000002240efb7143 sp=0x000000bc9e7fe100 mode 0
Event: 1.311 Thread 0x00000224698318c0 DEOPT PACKING pc=0x0000022407c2f66a sp=0x000000bc9e6fecf0
Event: 1.311 Thread 0x00000224698318c0 DEOPT UNPACKING pc=0x000002240efb7143 sp=0x000000bc9e6fe1a0 mode 0

Classes unloaded (0 events):
No events

Classes redefined (0 events):
No events

Internal exceptions (19 events):
Event: 0.089 Thread 0x0000022478b048c0 Exception <a 'java/lang/ClassNotFoundException'{0x0000000711041dc8}: sun/awt/resources/spi/awtProvider> (0x0000000711041dc8) 
thrown [s\src\hotspot\share\classfile\systemDictionary.cpp, line 256]
Event: 0.104 Thread 0x0000022478b048c0 Exception <a 'java/io/FileNotFoundException'{0x0000000711092c90}> (0x0000000711092c90) 
thrown [s\src\hotspot\share\prims\jni.cpp, line 516]
Event: 0.109 Thread 0x0000022478b048c0 Exception <a 'java/io/FileNotFoundException'{0x00000007110bfcd8}> (0x00000007110bfcd8) 
thrown [s\src\hotspot\share\prims\jni.cpp, line 516]
Event: 0.135 Thread 0x0000022478b048c0 Exception <a 'java/lang/NoSuchMethodError'{0x0000000711117ed0}: 'java.lang.Object java.lang.invoke.DirectMethodHandle$Holder.invokeStaticInit(java.lang.Object)'> (0x0000000711117ed0) 
thrown [s\src\hotspot\share\interpreter\linkResolver.cpp, line 759]
Event: 0.149 Thread 0x0000022478b048c0 Exception <a 'java/lang/NoSuchMethodError'{0x0000000711142b70}: 'void java.lang.invoke.DirectMethodHandle$Holder.invokeSpecial(java.lang.Object, java.lang.Object, java.lang.Object)'> (0x0000000711142b70) 
thrown [s\src\hotspot\share\interpreter\linkResolver.cpp, line 759]
Event: 0.154 Thread 0x0000022478b048c0 Exception <a 'java/lang/NoSuchMethodError'{0x00000007111dd8c8}: 'java.lang.Object java.lang.invoke.DirectMethodHandle$Holder.newInvokeSpecial(java.lang.Object, java.lang.Object, java.lang.Object, java.lang.Object, java.lang.Object)'> (0x00000007111dd8c8) 
thrown [s\src\hotspot\share\interpreter\linkResolver.cpp, line 759]
Event: 0.155 Thread 0x0000022478b048c0 Exception <a 'java/lang/NoSuchMethodError'{0x00000007111e9290}: 'java.lang.Object java.lang.invoke.DirectMethodHandle$Holder.invokeStatic(java.lang.Object, int, java.lang.Object, java.lang.Object, java.lang.Object, java.lang.Object)'> (0x00000007111e9290) 
thrown [s\src\hotspot\share\interpreter\linkResolver.cpp, line 759]
Event: 0.158 Thread 0x0000022478b048c0 Exception <a 'java/lang/NoSuchMethodError'{0x0000000710e0ef28}: 'java.lang.Object java.lang.invoke.DirectMethodHandle$Holder.invokeStatic(java.lang.Object, int, java.lang.Object)'> (0x0000000710e0ef28) 
thrown [s\src\hotspot\share\interpreter\linkResolver.cpp, line 759]
Event: 0.179 Thread 0x0000022478b048c0 Exception <a 'java/lang/ClassNotFoundException'{0x0000000710ecd830}: com/sun/swing/internal/plaf/metal/resources/spi/metalProvider> (0x0000000710ecd830) 
thrown [s\src\hotspot\share\classfile\systemDictionary.cpp, line 256]
Event: 0.179 Thread 0x0000022478b048c0 Exception <a 'java/lang/ClassNotFoundException'{0x0000000710ed1470}: com/sun/swing/internal/plaf/basic/resources/spi/basicProvider> (0x0000000710ed1470) 
thrown [s\src\hotspot\share\classfile\systemDictionary.cpp, line 256]
Event: 1.120 Thread 0x0000022478b048c0 Exception <a 'java/lang/NoSuchMethodError'{0x000000071c3908e8}: 'void java.lang.invoke.DirectMethodHandle$Holder.invokeStatic(java.lang.Object, java.lang.Object, java.lang.Object)'> (0x000000071c3908e8) 
thrown [s\src\hotspot\share\interpreter\linkResolver.cpp, line 759]
Event: 1.122 Thread 0x0000022478b048c0 Exception <a 'java/lang/NoSuchMethodError'{0x000000071c39ae88}: 'void java.lang.invoke.DirectMethodHandle$Holder.invokeSpecial(java.lang.Object, java.lang.Object, java.lang.Object, java.lang.Object, java.lang.Object)'> (0x000000071c39ae88) 
thrown [s\src\hotspot\share\interpreter\linkResolver.cpp, line 759]
Event: 1.123 Thread 0x0000022478b048c0 Exception <a 'java/lang/ArrayIndexOutOfBoundsException'{0x000000071c3a5cd8}: Index 2 out of bounds for length 2> (0x000000071c3a5cd8) 
thrown [s\src\hotspot\share\interpreter\interpreterRuntime.cpp, line 428]
Event: 1.133 Thread 0x0000022478b048c0 Exception <a 'java/lang/ArrayIndexOutOfBoundsException'{0x000000071c3b8240}: Index 2 out of bounds for length 2> (0x000000071c3b8240) 
thrown [s\src\hotspot\share\interpreter\interpreterRuntime.cpp, line 428]
Event: 1.134 Thread 0x0000022478b048c0 Exception <a 'java/lang/ArrayIndexOutOfBoundsException'{0x000000071c3bc818}: Index 2 out of bounds for length 2> (0x000000071c3bc818) 
thrown [s\src\hotspot\share\interpreter\interpreterRuntime.cpp, line 428]
Event: 1.135 Thread 0x0000022478b048c0 Exception <a 'java/lang/ArrayIndexOutOfBoundsException'{0x000000071c3c31a8}: Index 2 out of bounds for length 2> (0x000000071c3c31a8) 
thrown [s\src\hotspot\share\interpreter\interpreterRuntime.cpp, line 428]
Event: 1.147 Thread 0x0000022478b048c0 Exception <a 'java/lang/NoSuchMethodError'{0x000000071c3dbab8}: 'void java.lang.invoke.DirectMethodHandle$Holder.invokeStaticInit(java.lang.Object)'> (0x000000071c3dbab8) 
thrown [s\src\hotspot\share\interpreter\linkResolver.cpp, line 759]
Event: 1.182 Thread 0x000002247eb939d0 Exception <a 'java/lang/NoSuchMethodError'{0x000000071cd09860}: 'void java.lang.invoke.DirectMethodHandle$Holder.invokeVirtual(java.lang.Object, java.lang.Object)'> (0x000000071cd09860) 
thrown [s\src\hotspot\share\interpreter\linkResolver.cpp, line 759]
Event: 1.251 Thread 0x0000022469835580 Implicit null exception at 0x000002240f5504e0 to 0x000002240f550570

VM Operations (20 events):
Event: 0.968 Executing VM operation: HandshakeAllThreads done
Event: 1.113 Executing VM operation: HandshakeAllThreads
Event: 1.113 Executing VM operation: HandshakeAllThreads done
Event: 1.113 Executing VM operation: HandshakeAllThreads
Event: 1.113 Executing VM operation: HandshakeAllThreads done
Event: 1.186 Executing VM operation: HandshakeAllThreads
Event: 1.186 Executing VM operation: HandshakeAllThreads done
Event: 1.231 Executing VM operation: HandshakeAllThreads
Event: 1.231 Executing VM operation: HandshakeAllThreads done
Event: 1.301 Executing VM operation: G1CollectForAllocation
Event: 1.302 Executing VM operation: G1CollectForAllocation done
Event: 1.302 Executing VM operation: G1CollectForAllocation
Event: 1.305 Executing VM operation: G1CollectForAllocation done
Event: 1.322 Executing VM operation: G1CollectForAllocation
Event: 1.322 Executing VM operation: G1CollectForAllocation done
Event: 1.322 Executing VM operation: G1CollectForAllocation
Event: 1.326 Executing VM operation: G1CollectForAllocation done
Event: 1.327 Executing VM operation: G1TryInitiateConcMark
Event: 1.327 Executing VM operation: G1TryInitiateConcMark done
Event: 1.327 Executing VM operation: G1CollectForAllocation

Events (20 events):
Event: 1.245 loading class javax/swing/RepaintManager$3
Event: 1.245 loading class javax/swing/RepaintManager$3 done
Event: 1.245 loading class jdk/internal/reflect/UTF8
Event: 1.245 loading class jdk/internal/reflect/UTF8 done
Event: 1.245 loading class jdk/internal/reflect/Label
Event: 1.245 loading class jdk/internal/reflect/Label done
Event: 1.245 loading class jdk/internal/reflect/Label$PatchInfo
Event: 1.245 loading class jdk/internal/reflect/Label$PatchInfo done
Event: 1.245 loading class jdk/internal/reflect/MethodAccessorGenerator$1
Event: 1.246 loading class jdk/internal/reflect/MethodAccessorGenerator$1 done
Event: 1.246 loading class jdk/internal/reflect/ClassDefiner
Event: 1.246 loading class jdk/internal/reflect/ClassDefiner done
Event: 1.246 loading class jdk/internal/reflect/ClassDefiner$1
Event: 1.246 loading class jdk/internal/reflect/ClassDefiner$1 done
Event: 1.246 loading class jdk/internal/reflect/BootstrapConstructorAccessorImpl
Event: 1.246 loading class jdk/internal/reflect/BootstrapConstructorAccessorImpl done
Event: 1.251 loading class jdk/internal/math/FDBigInteger
Event: 1.251 loading class jdk/internal/math/FDBigInteger done
Event: 1.260 Thread 0x00000224698318c0 Thread added: 0x00000224698318c0
Event: 1.260 Thread 0x0000022469837e00 Thread added: 0x0000022469837e00


Dynamic libraries:
0x00007ff6f0020000 - 0x00007ff6f002e000 	C:\Users\1000a\AppData\Local\Programs\Eclipse Adoptium\jdk-17.0.8.101-hotspot\bin\java.exe
0x00007ffe64130000 - 0x00007ffe64347000 	C:\WINDOWS\SYSTEM32\ntdll.dll
0x00007ffe635c0000 - 0x00007ffe63684000 	C:\WINDOWS\System32\KERNEL32.DLL
0x00007ffe614a0000 - 0x00007ffe61845000 	C:\WINDOWS\System32\KERNELBASE.dll
0x00007ffe61880000 - 0x00007ffe61991000 	C:\WINDOWS\System32\ucrtbase.dll
0x00007ffe596a0000 - 0x00007ffe596b7000 	C:\Users\1000a\AppData\Local\Programs\Eclipse Adoptium\jdk-17.0.8.101-hotspot\bin\jli.dll
0x00007ffe633f0000 - 0x00007ffe6359e000 	C:\WINDOWS\System32\USER32.dll
0x00007ffe49430000 - 0x00007ffe496c3000 	C:\WINDOWS\WinSxS\amd64_microsoft.windows.common-controls_6595b64144ccf1df_6.0.22621.2506_none_270c5ae97388e100\COMCTL32.dll
0x00007ffe46010000 - 0x00007ffe46029000 	C:\Users\1000a\AppData\Local\Programs\Eclipse Adoptium\jdk-17.0.8.101-hotspot\bin\VCRUNTIME140.dll
0x00007ffe63f20000 - 0x00007ffe63fc7000 	C:\WINDOWS\System32\msvcrt.dll
0x00007ffe61f20000 - 0x00007ffe61f49000 	C:\WINDOWS\System32\GDI32.dll
0x00007ffe61850000 - 0x00007ffe61876000 	C:\WINDOWS\System32\win32u.dll
0x00007ffe61c50000 - 0x00007ffe61d69000 	C:\WINDOWS\System32\gdi32full.dll
0x00007ffe61de0000 - 0x00007ffe61e7a000 	C:\WINDOWS\System32\msvcp_win.dll
0x00007ffe632b0000 - 0x00007ffe632e1000 	C:\WINDOWS\System32\IMM32.DLL
0x00007ffe5c4d0000 - 0x00007ffe5c4dc000 	C:\Users\1000a\AppData\Local\Programs\Eclipse Adoptium\jdk-17.0.8.101-hotspot\bin\vcruntime140_1.dll
0x00007ffe45f70000 - 0x00007ffe46001000 	C:\Users\1000a\AppData\Local\Programs\Eclipse Adoptium\jdk-17.0.8.101-hotspot\bin\msvcp140.dll
0x00007ffdb30e0000 - 0x00007ffdb3d2c000 	C:\Users\1000a\AppData\Local\Programs\Eclipse Adoptium\jdk-17.0.8.101-hotspot\bin\server\jvm.dll
0x00007ffe626a0000 - 0x00007ffe62751000 	C:\WINDOWS\System32\ADVAPI32.dll
0x00007ffe63fd0000 - 0x00007ffe64076000 	C:\WINDOWS\System32\sechost.dll
0x00007ffe63b20000 - 0x00007ffe63c37000 	C:\WINDOWS\System32\RPCRT4.dll
0x00007ffe59680000 - 0x00007ffe59689000 	C:\WINDOWS\SYSTEM32\WSOCK32.dll
0x00007ffe59af0000 - 0x00007ffe59b24000 	C:\WINDOWS\SYSTEM32\WINMM.dll
0x00007ffe620a0000 - 0x00007ffe62111000 	C:\WINDOWS\System32\WS2_32.dll
0x00007ffe60ca0000 - 0x00007ffe60ced000 	C:\WINDOWS\SYSTEM32\POWRPROF.dll
0x00007ffe57f10000 - 0x00007ffe57f1a000 	C:\WINDOWS\SYSTEM32\VERSION.dll
0x00007ffe60c50000 - 0x00007ffe60c63000 	C:\WINDOWS\SYSTEM32\UMPDC.dll
0x00007ffe60440000 - 0x00007ffe60458000 	C:\WINDOWS\SYSTEM32\kernel.appcore.dll
0x00007ffe5c420000 - 0x00007ffe5c42a000 	C:\Users\1000a\AppData\Local\Programs\Eclipse Adoptium\jdk-17.0.8.101-hotspot\bin\jimage.dll
0x00007ffe5ea30000 - 0x00007ffe5ec63000 	C:\WINDOWS\SYSTEM32\DBGHELP.DLL
0x00007ffe63780000 - 0x00007ffe63b09000 	C:\WINDOWS\System32\combase.dll
0x00007ffe63020000 - 0x00007ffe630f7000 	C:\WINDOWS\System32\OLEAUT32.dll
0x00007ffe39630000 - 0x00007ffe39662000 	C:\WINDOWS\SYSTEM32\dbgcore.DLL
0x00007ffe619a0000 - 0x00007ffe61a1a000 	C:\WINDOWS\System32\bcryptPrimitives.dll
0x00007ffe45ee0000 - 0x00007ffe45f05000 	C:\Users\1000a\AppData\Local\Programs\Eclipse Adoptium\jdk-17.0.8.101-hotspot\bin\java.dll
0x00007ffe28130000 - 0x00007ffe28206000 	C:\Users\1000a\AppData\Local\Programs\Eclipse Adoptium\jdk-17.0.8.101-hotspot\bin\jsvml.dll
0x00007ffe627c0000 - 0x00007ffe63019000 	C:\WINDOWS\System32\SHELL32.dll
0x00007ffe5f3c0000 - 0x00007ffe5fcb4000 	C:\WINDOWS\SYSTEM32\windows.storage.dll
0x00007ffe5f280000 - 0x00007ffe5f3be000 	C:\WINDOWS\SYSTEM32\wintypes.dll
0x00007ffe625a0000 - 0x00007ffe62693000 	C:\WINDOWS\System32\SHCORE.dll
0x00007ffe62760000 - 0x00007ffe627be000 	C:\WINDOWS\System32\shlwapi.dll
0x00007ffe613d0000 - 0x00007ffe613f6000 	C:\WINDOWS\SYSTEM32\profapi.dll
0x00007ffe45f50000 - 0x00007ffe45f69000 	C:\Users\1000a\AppData\Local\Programs\Eclipse Adoptium\jdk-17.0.8.101-hotspot\bin\net.dll
0x00007ffe5b910000 - 0x00007ffe5ba47000 	C:\WINDOWS\SYSTEM32\WINHTTP.dll
0x00007ffe60990000 - 0x00007ffe609f9000 	C:\WINDOWS\system32\mswsock.dll
0x00007ffe45d20000 - 0x00007ffe45d35000 	C:\Users\1000a\AppData\Local\Programs\Eclipse Adoptium\jdk-17.0.8.101-hotspot\bin\nio.dll
0x00007ffe45d00000 - 0x00007ffe45d18000 	C:\Users\1000a\AppData\Local\Programs\Eclipse Adoptium\jdk-17.0.8.101-hotspot\bin\zip.dll
0x00007ffdc0960000 - 0x00007ffdc0aee000 	C:\Users\1000a\AppData\Local\Programs\Eclipse Adoptium\jdk-17.0.8.101-hotspot\bin\awt.dll
0x00007ffe5e340000 - 0x00007ffe5e3d7000 	C:\WINDOWS\SYSTEM32\apphelp.dll
0x00007ffe5e500000 - 0x00007ffe5e5ab000 	C:\WINDOWS\system32\uxtheme.dll
0x00007ffe61f50000 - 0x00007ffe6209f000 	C:\WINDOWS\System32\MSCTF.dll
0x00007ffe63100000 - 0x00007ffe632a0000 	C:\WINDOWS\System32\ole32.dll
0x00007ffe5e850000 - 0x00007ffe5e87b000 	C:\WINDOWS\system32\DWMAPI.DLL
0x00007ffe102f0000 - 0x00007ffe103f0000 	C:\WINDOWS\system32\opengl32.dll
0x00007ffe402e0000 - 0x00007ffe4030d000 	C:\WINDOWS\SYSTEM32\GLU32.dll
0x00007ffe5e610000 - 0x00007ffe5e646000 	C:\WINDOWS\SYSTEM32\dxcore.dll
0x00007ffe292b0000 - 0x00007ffe29459000 	C:\WINDOWS\system32\d3d9.dll
0x00007ffe579d0000 - 0x00007ffe57a8c000 	C:\WINDOWS\System32\DriverStore\FileRepository\nv_dispi.inf_amd64_1fea8972dc2f0a69\nvldumdx.dll
0x00007ffe60dc0000 - 0x00007ffe60dd2000 	C:\WINDOWS\SYSTEM32\msasn1.dll
0x00007ffe57ed0000 - 0x00007ffe57f02000 	C:\WINDOWS\SYSTEM32\cryptnet.dll
0x00007ffe61a20000 - 0x00007ffe61b86000 	C:\WINDOWS\System32\CRYPT32.dll
0x00007ffe57d70000 - 0x00007ffe57ec8000 	C:\WINDOWS\SYSTEM32\drvstore.dll
0x00007ffe61160000 - 0x00007ffe6118c000 	C:\WINDOWS\SYSTEM32\devobj.dll
0x00007ffe61190000 - 0x00007ffe611de000 	C:\WINDOWS\SYSTEM32\cfgmgr32.dll
0x00007ffe60d10000 - 0x00007ffe60d5b000 	C:\WINDOWS\SYSTEM32\wldp.dll
0x00007ffe60c10000 - 0x00007ffe60c1c000 	C:\WINDOWS\SYSTEM32\cryptbase.dll
0x00007ffe61d70000 - 0x00007ffe61ddc000 	C:\WINDOWS\System32\wintrust.dll
0x00007ffe63d40000 - 0x00007ffe63d5f000 	C:\WINDOWS\System32\imagehlp.dll
0x00007ffe60bf0000 - 0x00007ffe60c0b000 	C:\WINDOWS\SYSTEM32\CRYPTSP.dll
0x00007ffe60400000 - 0x00007ffe60435000 	C:\WINDOWS\system32\rsaenh.dll
0x00007ffe60e50000 - 0x00007ffe60e78000 	C:\WINDOWS\SYSTEM32\bcrypt.dll
0x00007ffe52e30000 - 0x00007ffe5501e000 	C:\WINDOWS\System32\DriverStore\FileRepository\nv_dispi.inf_amd64_1fea8972dc2f0a69\nvgpucomp64.dll
0x00007ffdebda0000 - 0x00007ffdee765000 	C:\WINDOWS\System32\DriverStore\FileRepository\nv_dispi.inf_amd64_1fea8972dc2f0a69\nvd3dumx.dll
0x00007ffe5b680000 - 0x00007ffe5b6ca000 	C:\WINDOWS\SYSTEM32\directxdatabasehelper.dll
0x00007ffe28210000 - 0x00007ffe284e1000 	C:\WINDOWS\system32\nvspcap64.dll
0x00007ffe604c0000 - 0x00007ffe604f4000 	C:\WINDOWS\SYSTEM32\ntmarta.dll
0x00007ffe60a20000 - 0x00007ffe60a46000 	C:\WINDOWS\SYSTEM32\gpapi.dll
0x00007ffe3cef0000 - 0x00007ffe3cf76000 	C:\Users\1000a\AppData\Local\Programs\Eclipse Adoptium\jdk-17.0.8.101-hotspot\bin\freetype.dll
0x00007ffe063f0000 - 0x00007ffe064c3000 	C:\Users\1000a\AppData\Local\Programs\Eclipse Adoptium\jdk-17.0.8.101-hotspot\bin\fontmanager.dll
0x00007ffe632f0000 - 0x00007ffe633a0000 	C:\WINDOWS\System32\clbcatq.dll
0x00007ffe5c720000 - 0x00007ffe5c8d0000 	C:\WINDOWS\SYSTEM32\WindowsCodecs.dll
0x00007ffe40360000 - 0x00007ffe403be000 	C:\WINDOWS\system32\dataexchange.dll
0x00007ffe592f0000 - 0x00007ffe59575000 	C:\WINDOWS\system32\twinapi.appcore.dll
0x00007ffe458f0000 - 0x00007ffe45a3a000 	C:\WINDOWS\SYSTEM32\textinputframework.dll
0x00007ffe34860000 - 0x00007ffe348df000 	C:\Users\1000a\AppData\Local\Programs\Eclipse Adoptium\jdk-17.0.8.101-hotspot\bin\mlib_image.dll

dbghelp: loaded successfully - version: 4.0.5 - missing functions: none
symbol engine: initialized successfully - sym options: 0x614 - pdb path: .;C:\Users\1000a\AppData\Local\Programs\Eclipse Adoptium\jdk-17.0.8.101-hotspot\bin;C:\WINDOWS\SYSTEM32;C:\WINDOWS\WinSxS\amd64_microsoft.windows.common-controls_6595b64144ccf1df_6.0.22621.2506_none_270c5ae97388e100;C:\Users\1000a\AppData\Local\Programs\Eclipse Adoptium\jdk-17.0.8.101-hotspot\bin\server;C:\WINDOWS\System32\DriverStore\FileRepository\nv_dispi.inf_amd64_1fea8972dc2f0a69

VM Arguments:
jvm_args: -XX:+ShowCodeDetailsInExceptionMessages 
java_command: Main
java_class_path (initial): C:\Users\1000a\AppData\Roaming\Code\User\workspaceStorage\593ff427e92d41c2813b74c10ed62667\redhat.java\jdt_ws\GRPRO-Eksamensprojekt_c4e63e10\bin;c:\Users\1000a\Github_projects\GRPRO-Eksamensprojekt\lib\hamcrest-core-1.3.jar;c:\Users\1000a\Github_projects\GRPRO-Eksamensprojekt\lib\junit-4.13.2.jar
Launcher Type: SUN_STANDARD

[Global flags]
     intx CICompilerCount                          = 4                                         {product} {ergonomic}
     uint ConcGCThreads                            = 2                                         {product} {ergonomic}
     uint G1ConcRefinementThreads                  = 8                                         {product} {ergonomic}
   size_t G1HeapRegionSize                         = 2097152                                   {product} {ergonomic}
    uintx GCDrainStackTargetSize                   = 64                                        {product} {ergonomic}
   size_t InitialHeapSize                          = 268435456                                 {product} {ergonomic}
   size_t MarkStackSize                            = 4194304                                   {product} {ergonomic}
   size_t MaxHeapSize                              = 4273995776                                {product} {ergonomic}
   size_t MaxNewSize                               = 2562719744                                {product} {ergonomic}
   size_t MinHeapDeltaBytes                        = 2097152                                   {product} {ergonomic}
   size_t MinHeapSize                              = 8388608                                   {product} {ergonomic}
    uintx NonNMethodCodeHeapSize                   = 5839372                                {pd product} {ergonomic}
    uintx NonProfiledCodeHeapSize                  = 122909434                              {pd product} {ergonomic}
    uintx ProfiledCodeHeapSize                     = 122909434                              {pd product} {ergonomic}
    uintx ReservedCodeCacheSize                    = 251658240                              {pd product} {ergonomic}
     bool SegmentedCodeCache                       = true                                      {product} {ergonomic}
     bool ShowCodeDetailsInExceptionMessages       = true                                   {manageable} {command line}
   size_t SoftMaxHeapSize                          = 4273995776                             {manageable} {ergonomic}
     bool UseCompressedClassPointers               = true                           {product lp64_product} {ergonomic}
     bool UseCompressedOops                        = true                           {product lp64_product} {ergonomic}
     bool UseG1GC                                  = true                                      {product} {ergonomic}
     bool UseLargePagesIndividualAllocation        = false                                  {pd product} {ergonomic}

Logging:
Log output configuration:
 #0: stdout all=warning uptime,level,tags
 #1: stderr all=off uptime,level,tags

Environment Variables:
JAVA_HOME=C:\Users\1000a\AppData\Local\Programs\Eclipse Adoptium\jdk-17.0.8.101-hotspot\
PATH=C:\Program Files (x86)\Razer\ChromaBroadcast\bin;C:\Program Files\Razer\ChromaBroadcast\bin;C:\Program Files (x86)\Razer Chroma SDK\bin;C:\Program Files\Razer Chroma SDK\bin;C:\Program Files (x86)\Intel\Intel(R) Management Engine Components\iCLS\;C:\Program Files\Intel\Intel(R) Management Engine Components\iCLS\;C:\Windows\system32;C:\Windows;C:\Windows\System32\Wbem;C:\Windows\System32\WindowsPowerShell\v1.0\;C:\Windows\System32\OpenSSH\;C:\Program Files\NVIDIA Corporation\NVIDIA NvDLISR;C:\Program Files (x86)\Intel\Intel(R) Management Engine Components\DAL;C:\Program Files\Intel\Intel(R) Management Engine Components\DAL;C:\Program Files (x86)\Intel\Intel(R) Management Engine Components\IPT;C:\Program Files\Intel\Intel(R) Management Engine Components\IPT;C:\Users\1000a\AppData\Local\Microsoft\WindowsApps;C:\Windows\system32\config\systemprofile\AppData\Local\Microsoft\WindowsApps;C:\Program Files (x86)\NVIDIA Corporation\PhysX\Common;C:\WINDOWS\system32;C:\WINDOWS;C:\WINDOWS\System32\Wbem;C:\WINDOWS\System32\WindowsPowerShell\v1.0\;C:\WINDOWS\System32\OpenSSH\;C:\Program Files\Git\cmd;C:\Users\1000a\AppData\Local\Programs\Eclipse Adoptium\jdk-17.0.8.101-hotspot\bin;C:\Users\1000a\AppData\Local\Microsoft\WindowsApps;C:\Users\1000a\AppData\Local\atom\bin;C:\Users\1000a\AppData\Local\Microsoft\WindowsApps;C:\Users\1000a\AppData\Local\Programs\Microsoft VS Code\bin;C:\Users\1000a\AppData\Local\GitHubDesktop\bin
USERNAME=1000a
LANG=en_US.UTF-8
OS=Windows_NT
PROCESSOR_IDENTIFIER=Intel64 Family 6 Model 158 Stepping 13, GenuineIntel
TMP=C:\Users\1000a\AppData\Local\Temp
TEMP=C:\Users\1000a\AppData\Local\Temp



---------------  S Y S T E M  ---------------

OS:
 Windows 11 , 64 bit Build 22621 (10.0.22621.2506)
OS uptime: 0 days 4:55 hours

CPU: total 8 (initial active 8) (8 cores per cpu, 1 threads per core) family 6 model 158 stepping 13 microcode 0xde, cx8, cmov, fxsr, mmx, 3dnowpref, sse, sse2, sse3, ssse3, sse4.1, sse4.2, popcnt, lzcnt, tsc, tscinvbit, avx, avx2, aes, erms, clmul, bmi1, bmi2, adx, fma, vzeroupper, clflush, clflushopt
Processor Information for all 8 processors :
  Max Mhz: 3600, Current Mhz: 3600, Mhz Limit: 3600

Memory: 4k page, system-wide physical 16300M (3817M free)
TotalPageFile size 19329M (AvailPageFile size 5M)
current process WorkingSet (physical memory assigned to process): 454M, peak: 454M
current process commit charge ("private bytes"): 613M, peak: 1151M

vm_info: OpenJDK 64-Bit Server VM (17.0.8.1+1) for windows-amd64 JRE (17.0.8.1+1), built on Aug 23 2023 15:29:17 by "admin" with MS VC++ 16.7 (VS2019)

END.
